[debug] [2019-12-26T21:07:48.786Z] ----------------------------------------------------------------------
[debug] [2019-12-26T21:07:48.789Z] Command:       /home/utkarsh/.nvm/versions/node/v12.10.0/bin/node /home/utkarsh/.nvm/versions/node/v12.10.0/bin/firebase serve
[debug] [2019-12-26T21:07:48.789Z] CLI Version:   7.11.0
[debug] [2019-12-26T21:07:48.789Z] Platform:      linux
[debug] [2019-12-26T21:07:48.789Z] Node Version:  v12.10.0
[debug] [2019-12-26T21:07:48.789Z] Time:          Fri Dec 27 2019 02:37:48 GMT+0530 (India Standard Time)
[debug] [2019-12-26T21:07:48.789Z] ----------------------------------------------------------------------
[debug] [2019-12-26T21:07:48.789Z] 
[debug] [2019-12-26T21:07:48.796Z] > command requires scopes: ["email","openid","https://www.googleapis.com/auth/cloudplatformprojects.readonly","https://www.googleapis.com/auth/firebase","https://www.googleapis.com/auth/cloud-platform"]
[debug] [2019-12-26T21:07:48.797Z] > authorizing via signed-in user
[debug] [2019-12-26T21:07:48.797Z] [iam] checking project pict-alumni for permissions ["firebase.projects.get"]
[debug] [2019-12-26T21:07:48.798Z] > refreshing access token with scopes: ["email","https://www.googleapis.com/auth/cloud-platform","https://www.googleapis.com/auth/cloudplatformprojects.readonly","https://www.googleapis.com/auth/firebase","openid"]
[debug] [2019-12-26T21:07:48.799Z] >>> HTTP REQUEST POST https://www.googleapis.com/oauth2/v3/token  
 <request body omitted>
[debug] [2019-12-26T21:07:49.310Z] <<< HTTP RESPONSE 200
[debug] [2019-12-26T21:07:49.354Z] >>> HTTP REQUEST POST https://cloudresourcemanager.googleapis.com/v1/projects/pict-alumni:testIamPermissions  

[debug] [2019-12-26T21:07:51.411Z] <<< HTTP RESPONSE 200
[debug] [2019-12-26T21:07:51.414Z] >>> HTTP REQUEST GET https://firebase.googleapis.com/v1beta1/projects/pict-alumni  
 
[debug] [2019-12-26T21:07:52.706Z] <<< HTTP RESPONSE 200
[info] 
[info] === Serving from '/home/utkarsh/alumni meet/pict-alumni-PWA'...
[info] 
[warn] ⚠  Your requested "node" version "8" doesn't match your global version "12"
[info] ✔  functions: Emulator started at http://localhost:5000
[info] i  functions: Watching "/home/utkarsh/alumni meet/pict-alumni-PWA/functions" for Cloud Functions...
[debug] [2019-12-26T21:07:52.988Z] [worker-pool] addWorker(~diagnostic~)
[debug] [2019-12-26T21:07:52.989Z] [worker-pool] Adding worker with key ~diagnostic~, total=1
[debug] [2019-12-26T21:07:52.989Z] [worker-pool] submitWork(triggerId=)
[debug] [2019-12-26T21:07:52.989Z] [worker-~diagnostic~-40b75776-c247-48c2-aebf-ad86ffdcb1d8]: Assigning socketPath: /tmp/fire_emu_21369.sock
[debug] [2019-12-26T21:07:52.989Z] [worker-~diagnostic~-40b75776-c247-48c2-aebf-ad86ffdcb1d8]: BUSY
[debug] [2019-12-26T21:07:53.182Z] [runtime-status] [21369] Functions runtime initialized. {"cwd":"/home/utkarsh/alumni meet/pict-alumni-PWA/functions","node_version":"12.10.0"}
[debug] [2019-12-26T21:07:53.183Z] [runtime-status] [21369] Disabled runtime features: {"functions_config_helper":true,"network_filtering":true,"timeout":true,"memory_limiting":true,"admin_stubs":true,"pubsub_emulator":true}
[warn] ⚠  The Cloud Functions emulator requires the module "firebase-admin" to be installed. This package is in your package.json, but it's not available. You probably need to run "npm install" in your functions directory.
[info] i  functions: Your functions could not be parsed due to an issue with your node_modules (see above)
[debug] [2019-12-26T21:07:53.198Z] [worker-~diagnostic~-40b75776-c247-48c2-aebf-ad86ffdcb1d8]: exited
[debug] [2019-12-26T21:07:53.198Z] [worker-~diagnostic~-40b75776-c247-48c2-aebf-ad86ffdcb1d8]: FINISHED
